2019/04/27 14:06:08 [error] [exception.CDbException] CDbException: CDbConnection failed to open the DB connection: SQLSTATE[HY000] [2002] No such file or directory in /Users/ryan/PhpstormProjects/yii/framework/db/CDbConnection.php:399
Stack trace:
#0 /Users/ryan/PhpstormProjects/yii/framework/db/CDbConnection.php(347): CDbConnection->open()
#1 /Users/ryan/PhpstormProjects/yii/framework/db/CDbConnection.php(325): CDbConnection->setActive(true)
#2 /Users/ryan/PhpstormProjects/yii/framework/base/CModule.php(394): CDbConnection->init()
#3 /Users/ryan/PhpstormProjects/yii/framework/base/CModule.php(103): CModule->getComponent('db')
#4 /Users/ryan/PhpstormProjects/yii/framework/gii/generators/model/ModelCode.php(60): CModule->__get('db')
#5 /Users/ryan/PhpstormProjects/yii/framework/web/CFormModel.php(39): ModelCode->init()
#6 /Users/ryan/PhpstormProjects/yii/framework/gii/CCodeGenerator.php(153): CFormModel->__construct()
#7 /Users/ryan/PhpstormProjects/yii/framework/gii/CCodeGenerator.php(63): CCodeGenerator->prepare()
#8 /Users/ryan/PhpstormProjects/yii/framework/web/actions/CInlineAction.php(49): CCodeGenerator->actionIndex()
#9 /Users/ryan/PhpstormProjects/yii/framework/web/CController.php(308): CInlineAction->runWithParams(Array)
#10 /Users/ryan/PhpstormProjects/yii/framework/web/CController.php(286): CController->runAction(Object(CInlineAction))
#11 /Users/ryan/PhpstormProjects/yii/framework/web/CController.php(265): CController->runActionWithFilters(Object(CInlineAction), Array)
#12 /Users/ryan/PhpstormProjects/yii/framework/web/CWebApplication.php(282): CController->run('index')
#13 /Users/ryan/PhpstormProjects/yii/framework/web/CWebApplication.php(141): CWebApplication->runController('gii/model/index')
#14 /Users/ryan/PhpstormProjects/yii/framework/base/CApplication.php(185): CWebApplication->processRequest()
#15 /Users/ryan/PhpstormProjects/yii/web/blog/index.php(13): CApplication->run()
#16 {main}
REQUEST_URI=/blog/gii/model/index
HTTP_REFERER=http://localhost/blog/gii/default/index
---
2019/04/27 14:08:41 [error] [exception.CDbException] CDbException: CDbConnection failed to open the DB connection: SQLSTATE[HY000] [2002] No such file or directory in /Users/ryan/PhpstormProjects/yii/framework/db/CDbConnection.php:399
Stack trace:
#0 /Users/ryan/PhpstormProjects/yii/framework/db/CDbConnection.php(347): CDbConnection->open()
#1 /Users/ryan/PhpstormProjects/yii/framework/db/CDbConnection.php(325): CDbConnection->setActive(true)
#2 /Users/ryan/PhpstormProjects/yii/framework/base/CModule.php(394): CDbConnection->init()
#3 /Users/ryan/PhpstormProjects/yii/framework/base/CModule.php(103): CModule->getComponent('db')
#4 /Users/ryan/PhpstormProjects/yii/framework/gii/generators/model/ModelCode.php(60): CModule->__get('db')
#5 /Users/ryan/PhpstormProjects/yii/framework/web/CFormModel.php(39): ModelCode->init()
#6 /Users/ryan/PhpstormProjects/yii/framework/gii/CCodeGenerator.php(153): CFormModel->__construct()
#7 /Users/ryan/PhpstormProjects/yii/framework/gii/CCodeGenerator.php(63): CCodeGenerator->prepare()
#8 /Users/ryan/PhpstormProjects/yii/framework/web/actions/CInlineAction.php(49): CCodeGenerator->actionIndex()
#9 /Users/ryan/PhpstormProjects/yii/framework/web/CController.php(308): CInlineAction->runWithParams(Array)
#10 /Users/ryan/PhpstormProjects/yii/framework/web/CController.php(286): CController->runAction(Object(CInlineAction))
#11 /Users/ryan/PhpstormProjects/yii/framework/web/CController.php(265): CController->runActionWithFilters(Object(CInlineAction), Array)
#12 /Users/ryan/PhpstormProjects/yii/framework/web/CWebApplication.php(282): CController->run('index')
#13 /Users/ryan/PhpstormProjects/yii/framework/web/CWebApplication.php(141): CWebApplication->runController('gii/model/index')
#14 /Users/ryan/PhpstormProjects/yii/framework/base/CApplication.php(185): CWebApplication->processRequest()
#15 /Users/ryan/PhpstormProjects/yii/web/blog/index.php(13): CApplication->run()
#16 {main}
REQUEST_URI=/blog/gii/model/index
HTTP_REFERER=http://localhost/blog/gii/default/index
---
2019/04/27 14:08:56 [error] [exception.CDbException] CDbException: CDbConnection failed to open the DB connection: SQLSTATE[HY000] [2002] No such file or directory in /Users/ryan/PhpstormProjects/yii/framework/db/CDbConnection.php:399
Stack trace:
#0 /Users/ryan/PhpstormProjects/yii/framework/db/CDbConnection.php(347): CDbConnection->open()
#1 /Users/ryan/PhpstormProjects/yii/framework/db/CDbConnection.php(325): CDbConnection->setActive(true)
#2 /Users/ryan/PhpstormProjects/yii/framework/base/CModule.php(394): CDbConnection->init()
#3 /Users/ryan/PhpstormProjects/yii/framework/base/CModule.php(103): CModule->getComponent('db')
#4 /Users/ryan/PhpstormProjects/yii/framework/gii/generators/model/ModelCode.php(60): CModule->__get('db')
#5 /Users/ryan/PhpstormProjects/yii/framework/web/CFormModel.php(39): ModelCode->init()
#6 /Users/ryan/PhpstormProjects/yii/framework/gii/CCodeGenerator.php(153): CFormModel->__construct()
#7 /Users/ryan/PhpstormProjects/yii/framework/gii/CCodeGenerator.php(63): CCodeGenerator->prepare()
#8 /Users/ryan/PhpstormProjects/yii/framework/web/actions/CInlineAction.php(49): CCodeGenerator->actionIndex()
#9 /Users/ryan/PhpstormProjects/yii/framework/web/CController.php(308): CInlineAction->runWithParams(Array)
#10 /Users/ryan/PhpstormProjects/yii/framework/web/CController.php(286): CController->runAction(Object(CInlineAction))
#11 /Users/ryan/PhpstormProjects/yii/framework/web/CController.php(265): CController->runActionWithFilters(Object(CInlineAction), Array)
#12 /Users/ryan/PhpstormProjects/yii/framework/web/CWebApplication.php(282): CController->run('index')
#13 /Users/ryan/PhpstormProjects/yii/framework/web/CWebApplication.php(141): CWebApplication->runController('gii/model/index')
#14 /Users/ryan/PhpstormProjects/yii/framework/base/CApplication.php(185): CWebApplication->processRequest()
#15 /Users/ryan/PhpstormProjects/yii/web/blog/index.php(13): CApplication->run()
#16 {main}
REQUEST_URI=/blog/gii/model/index
HTTP_REFERER=http://localhost/blog/gii/default/index
---
2019/04/27 14:09:44 [error] [exception.CDbException] CDbException: CDbConnection failed to open the DB connection: SQLSTATE[HY000] [2002] No such file or directory in /Users/ryan/PhpstormProjects/yii/framework/db/CDbConnection.php:399
Stack trace:
#0 /Users/ryan/PhpstormProjects/yii/framework/db/CDbConnection.php(347): CDbConnection->open()
#1 /Users/ryan/PhpstormProjects/yii/framework/db/CDbConnection.php(325): CDbConnection->setActive(true)
#2 /Users/ryan/PhpstormProjects/yii/framework/base/CModule.php(394): CDbConnection->init()
#3 /Users/ryan/PhpstormProjects/yii/framework/base/CModule.php(103): CModule->getComponent('db')
#4 /Users/ryan/PhpstormProjects/yii/framework/gii/generators/model/ModelCode.php(60): CModule->__get('db')
#5 /Users/ryan/PhpstormProjects/yii/framework/web/CFormModel.php(39): ModelCode->init()
#6 /Users/ryan/PhpstormProjects/yii/framework/gii/CCodeGenerator.php(153): CFormModel->__construct()
#7 /Users/ryan/PhpstormProjects/yii/framework/gii/CCodeGenerator.php(63): CCodeGenerator->prepare()
#8 /Users/ryan/PhpstormProjects/yii/framework/web/actions/CInlineAction.php(49): CCodeGenerator->actionIndex()
#9 /Users/ryan/PhpstormProjects/yii/framework/web/CController.php(308): CInlineAction->runWithParams(Array)
#10 /Users/ryan/PhpstormProjects/yii/framework/web/CController.php(286): CController->runAction(Object(CInlineAction))
#11 /Users/ryan/PhpstormProjects/yii/framework/web/CController.php(265): CController->runActionWithFilters(Object(CInlineAction), Array)
#12 /Users/ryan/PhpstormProjects/yii/framework/web/CWebApplication.php(282): CController->run('index')
#13 /Users/ryan/PhpstormProjects/yii/framework/web/CWebApplication.php(141): CWebApplication->runController('gii/model/index')
#14 /Users/ryan/PhpstormProjects/yii/framework/base/CApplication.php(185): CWebApplication->processRequest()
#15 /Users/ryan/PhpstormProjects/yii/web/blog/index.php(13): CApplication->run()
#16 {main}
REQUEST_URI=/blog/gii/model/index
HTTP_REFERER=http://localhost/blog/gii/default/index
---
2019/04/27 14:09:45 [error] [exception.CDbException] CDbException: CDbConnection failed to open the DB connection: SQLSTATE[HY000] [2002] No such file or directory in /Users/ryan/PhpstormProjects/yii/framework/db/CDbConnection.php:399
Stack trace:
#0 /Users/ryan/PhpstormProjects/yii/framework/db/CDbConnection.php(347): CDbConnection->open()
#1 /Users/ryan/PhpstormProjects/yii/framework/db/CDbConnection.php(325): CDbConnection->setActive(true)
#2 /Users/ryan/PhpstormProjects/yii/framework/base/CModule.php(394): CDbConnection->init()
#3 /Users/ryan/PhpstormProjects/yii/framework/base/CModule.php(103): CModule->getComponent('db')
#4 /Users/ryan/PhpstormProjects/yii/framework/gii/generators/model/ModelCode.php(60): CModule->__get('db')
#5 /Users/ryan/PhpstormProjects/yii/framework/web/CFormModel.php(39): ModelCode->init()
#6 /Users/ryan/PhpstormProjects/yii/framework/gii/CCodeGenerator.php(153): CFormModel->__construct()
#7 /Users/ryan/PhpstormProjects/yii/framework/gii/CCodeGenerator.php(63): CCodeGenerator->prepare()
#8 /Users/ryan/PhpstormProjects/yii/framework/web/actions/CInlineAction.php(49): CCodeGenerator->actionIndex()
#9 /Users/ryan/PhpstormProjects/yii/framework/web/CController.php(308): CInlineAction->runWithParams(Array)
#10 /Users/ryan/PhpstormProjects/yii/framework/web/CController.php(286): CController->runAction(Object(CInlineAction))
#11 /Users/ryan/PhpstormProjects/yii/framework/web/CController.php(265): CController->runActionWithFilters(Object(CInlineAction), Array)
#12 /Users/ryan/PhpstormProjects/yii/framework/web/CWebApplication.php(282): CController->run('index')
#13 /Users/ryan/PhpstormProjects/yii/framework/web/CWebApplication.php(141): CWebApplication->runController('gii/model/index')
#14 /Users/ryan/PhpstormProjects/yii/framework/base/CApplication.php(185): CWebApplication->processRequest()
#15 /Users/ryan/PhpstormProjects/yii/web/blog/index.php(13): CApplication->run()
#16 {main}
REQUEST_URI=/blog/gii/model/index
HTTP_REFERER=http://localhost/blog/gii/default/index
---
2019/04/27 14:12:16 [error] [system.db.CDbCommand] CDbCommand::fetchAll() failed: SQLSTATE[42S02]: Base table or view not found: 1146 Table 'blog.tbl_user' doesn't exist. The SQL statement executed was: SHOW FULL COLUMNS FROM `tbl_user`.
in /Users/ryan/PhpstormProjects/yii/web/blog/index.php (13)
2019/04/27 14:55:05 [error] [exception.CHttpException.404] CHttpException: Unable to resolve the request "gii/blog". in /Users/ryan/PhpstormProjects/yii/framework/web/CWebApplication.php:286
Stack trace:
#0 /Users/ryan/PhpstormProjects/yii/framework/web/CWebApplication.php(141): CWebApplication->runController('gii/blog')
#1 /Users/ryan/PhpstormProjects/yii/framework/base/CApplication.php(185): CWebApplication->processRequest()
#2 /Users/ryan/PhpstormProjects/yii/web/blog/index.php(13): CApplication->run()
#3 {main}
REQUEST_URI=/blog/gii/blog
---
2019/04/27 14:55:10 [error] [exception.CHttpException.404] CHttpException: Unable to resolve the request "blog". in /Users/ryan/PhpstormProjects/yii/framework/web/CWebApplication.php:286
Stack trace:
#0 /Users/ryan/PhpstormProjects/yii/framework/web/CWebApplication.php(141): CWebApplication->runController('blog')
#1 /Users/ryan/PhpstormProjects/yii/framework/base/CApplication.php(185): CWebApplication->processRequest()
#2 /Users/ryan/PhpstormProjects/yii/web/blog/index.php(13): CApplication->run()
#3 {main}
REQUEST_URI=/blog/blog
---
2019/04/27 14:55:40 [error] [exception.CHttpException.404] CHttpException: Unable to resolve the request "commemt". in /Users/ryan/PhpstormProjects/yii/framework/web/CWebApplication.php:286
Stack trace:
#0 /Users/ryan/PhpstormProjects/yii/framework/web/CWebApplication.php(141): CWebApplication->runController('commemt')
#1 /Users/ryan/PhpstormProjects/yii/framework/base/CApplication.php(185): CWebApplication->processRequest()
#2 /Users/ryan/PhpstormProjects/yii/web/blog/index.php(13): CApplication->run()
#3 {main}
REQUEST_URI=/blog/commemt
---
